c:\users\sohaib\desktop\project1\sfml 1\sfml 1\x64\debug\vc143.pdb
c:\users\sohaib\desktop\project1\sfml 1\sfml 1\x64\debug\vc143.idb
c:\users\sohaib\desktop\project1\sfml 1\sfml 1\x64\debug\07.obj
c:\users\sohaib\desktop\project1\sfml 1\sfml 1\x64\debug\04.obj
c:\users\sohaib\desktop\project1\sfml 1\sfml 1\x64\debug\06.obj
c:\users\sohaib\desktop\project1\sfml 1\sfml 1\x64\debug\09.obj
c:\users\sohaib\desktop\project1\sfml 1\sfml 1\x64\debug\08.obj
c:\users\sohaib\desktop\project1\sfml 1\sfml 1\x64\debug\10.obj
c:\users\sohaib\desktop\project1\sfml 1\sfml 1\x64\debug\11.obj
c:\users\sohaib\desktop\project1\sfml 1\sfml 1\x64\debug\clean.obj
c:\users\sohaib\desktop\project1\sfml 1\sfml 1\x64\debug\14.obj
c:\users\sohaib\desktop\project1\sfml 1\sfml 1\x64\debug\13.obj
c:\users\sohaib\desktop\project1\sfml 1\sfml 1\x64\debug\12.obj
c:\users\sohaib\desktop\project1\sfml 1\sfml 1\x64\debug\16.obj
c:\users\sohaib\desktop\project1\sfml 1\sfml 1\x64\debug\17.obj
c:\users\sohaib\desktop\project1\sfml 1\sfml 1\x64\debug\swg.obj
c:\users\sohaib\desktop\project1\sfml 1\sfml 1\x64\debug\fish.obj
c:\users\sohaib\desktop\project1\sfml 1\sfml 1\x64\debug\0.4.obj
c:\users\sohaib\desktop\project1\sfml 1\sfml 1\x64\debug\0.6.obj
c:\users\sohaib\desktop\project1\sfml 1\sfml 1\x64\debug\1.obj
c:\users\sohaib\desktop\project1\sfml 1\sfml 1\x64\debug\a.obj
c:\users\sohaib\desktop\project1\sfml 1\sfml 1\x64\debug\filename.obj
c:\users\sohaib\desktop\project1\sfml 1\sfml 1\x64\debug\mm.obj
c:\users\sohaib\desktop\project1\sfml 1\sfml 1\x64\debug\source.obj
c:\users\sohaib\desktop\project1\sfml 1\sfml 1\x64\debug\ss.obj
c:\users\sohaib\desktop\project1\sfml 1\sfml 1\x64\debug\nativecodeanalysis.read.1.tlog
c:\users\sohaib\desktop\project1\sfml 1\sfml 1\x64\debug\0.4.nativecodeanalysis.xml
c:\users\sohaib\desktop\project1\sfml 1\sfml 1\x64\debug\source.nativecodeanalysis.xml
c:\users\sohaib\desktop\project1\sfml 1\sfml 1\x64\debug\vc.nativecodeanalysis.all.xml
c:\users\sohaib\desktop\project1\sfml 1\x64\debug\sfml 1.pdb
c:\users\sohaib\desktop\project1\sfml 1\sfml 1\x64\debug\sfml 1.tlog\cl.command.1.tlog
c:\users\sohaib\desktop\project1\sfml 1\sfml 1\x64\debug\sfml 1.tlog\cl.items.tlog
c:\users\sohaib\desktop\project1\sfml 1\sfml 1\x64\debug\sfml 1.tlog\cl.read.1.tlog
c:\users\sohaib\desktop\project1\sfml 1\sfml 1\x64\debug\sfml 1.tlog\cl.write.1.tlog
c:\users\sohaib\desktop\project1\sfml 1\sfml 1\x64\debug\sfml 1.tlog\link.1916-cvtres.read.1.tlog
c:\users\sohaib\desktop\project1\sfml 1\sfml 1\x64\debug\sfml 1.tlog\link.1916-cvtres.write.1.tlog
c:\users\sohaib\desktop\project1\sfml 1\sfml 1\x64\debug\sfml 1.tlog\link.1916-rc.read.1.tlog
c:\users\sohaib\desktop\project1\sfml 1\sfml 1\x64\debug\sfml 1.tlog\link.1916-rc.write.1.tlog
c:\users\sohaib\desktop\project1\sfml 1\sfml 1\x64\debug\sfml 1.tlog\link.1916.read.1.tlog
c:\users\sohaib\desktop\project1\sfml 1\sfml 1\x64\debug\sfml 1.tlog\link.1916.read.2.tlog
c:\users\sohaib\desktop\project1\sfml 1\sfml 1\x64\debug\sfml 1.tlog\link.1916.write.1.tlog
c:\users\sohaib\desktop\project1\sfml 1\sfml 1\x64\debug\sfml 1.tlog\link.command.1.tlog
c:\users\sohaib\desktop\project1\sfml 1\sfml 1\x64\debug\sfml 1.tlog\link.read.1.tlog
c:\users\sohaib\desktop\project1\sfml 1\sfml 1\x64\debug\sfml 1.tlog\link.write.1.tlog
